<?xml version="1.0" encoding="UTF-8"?>
<testng-results skipped="0" failed="0" ignored="0" total="2" passed="2">
  <reporter-output>
  </reporter-output>
  <suite name="Suite" duration-ms="146261" started-at="2021-01-27T15:30:45 PST" finished-at="2021-01-27T15:33:11 PST">
    <groups>
    </groups>
    <test name="Test" duration-ms="146261" started-at="2021-01-27T15:30:45 PST" finished-at="2021-01-27T15:33:11 PST">
      <class name="GeneralStoreApp.Apidemotest">
        <test-method status="PASS" signature="killAllNodes()[pri:0, instance:GeneralStoreApp.Apidemotest@1877ab81]" name="killAllNodes" is-config="true" duration-ms="6337" started-at="2021-01-27T15:30:45 PST" finished-at="2021-01-27T15:30:51 PST">
          <reporter-output>
          </reporter-output>
        </test-method> <!-- killAllNodes -->
        <test-method status="PASS" signature="preferenceTest(java.lang.String)[pri:0, instance:GeneralStoreApp.Apidemotest@1877ab81]" name="preferenceTest" duration-ms="92847" started-at="2021-01-27T15:30:51 PST" data-provider="InputData" finished-at="2021-01-27T15:32:24 PST">
          <params>
            <param index="0">
              <value>
                <![CDATA[Hello]]>
              </value>
            </param>
          </params>
          <reporter-output>
          </reporter-output>
        </test-method> <!-- preferenceTest -->
        <test-method status="PASS" signature="preferenceTest(java.lang.String)[pri:0, instance:GeneralStoreApp.Apidemotest@1877ab81]" name="preferenceTest" duration-ms="46557" started-at="2021-01-27T15:32:24 PST" data-provider="InputData" finished-at="2021-01-27T15:33:11 PST">
          <params>
            <param index="0">
              <value>
                <![CDATA[#@!&%]]>
              </value>
            </param>
          </params>
          <reporter-output>
          </reporter-output>
        </test-method> <!-- preferenceTest -->
      </class> <!-- GeneralStoreApp.Apidemotest -->
    </test> <!-- Test -->
  </suite> <!-- Suite -->
</testng-results>
